
==== 2026-04-15T14:03:48 ====
[QA1] id=571112ada58dae1900cd6bcc
  gold: Hugues Capet
  pred: reigned
[QA1] id=56e1b754cd28a01900c67abe
  gold: Blum complexity axioms
  pred: communication
[QA1] id=57265200708984140094c237
  gold: U.S
  pred: america " might consider it could not tolerate a situation in which the u. s. and its allies were at the mercy of a small group of unreasonable countries, " and that they would prefer a rapid operation to seize oilfields in saudi arabia and kuwait, and possibly abu dhabi in military action was decided upon. although the soviet response to such an act would likely not involve force, intelligence warned " the american occupation would need to last 10 years as the west developed alternative
[QA1] id=5726a46cdd62a815002e8bd2
  gold: the "Social Chapter"
  pred: 1992
[QA1] id=56de49a8cffd8e1900b4b7a7
  gold: Bethencourt
  pred: bethencourt sold the rights to the islands to enrique

==== 2026-04-15T14:08:06 ====
[QA2] id=5710f4b8b654c5140001fa49
  gold: 1604
  pred: 
[QA2] id=572646655951b619008f6ebf
  gold: cnidarians
  pred: 
[QA2] id=5726a7ecf1498d1400e8e655
  gold: the abuse of dominant position
  pred: 
[QA2] id=57265526708984140094c2c1
  gold: November 1979
  pred: 
[QA2] id=5726bc1add62a815002e8ea8
  gold: Gaelic
  pred: 

==== 2026-04-15T14:15:42 ====
[QA1] id=5705fd8475f01819005e7840
  gold: varied
  pred: what term best describes southern california ' s collection of landscapes? southern california consists of one of the more varied collections of geologic, topographic, and natural ecosystem landscapes in a diversity outnumbering other major regions in the state and country. the region spans from pacific ocean islands, shorelines
[QA1] id=5705ffde52bb891400689784
  gold: San Andreas
  pred: ##sinore fault
[QA1] id=5729f3831d0469140077967e
  gold: lipophilic alkaloid toxins
  pred: what are dart frogs are known to secrete? the rainforest contains several species that can pose a hazard. among the largest predatory creatures are the black caiman, jaguar, cougar, and anaconda. in the river, electric eels can produce an electric shock that can stun or kill, while piranha are known to bite and injure humans. various species of poison dart frogs secrete lipophilic alkaloid toxins
[QA1] id=57060a6e52bb8914006897fa
  gold: South Coast Metro
  pred: what is the only district in the cbd to not have " downtown " in it ' s name? southern california is home to many major business districts. central business districts ( cbd ) include downtown los angeles
[QA1] id=57268f05dd62a815002e8990
  gold: 515 million years
  pred: what

==== 2026-04-15T14:19:59 ====
[QA2] id=571a50df4faf5e1900b8a961
  gold: Oxygen is the oxidant
  pred: the
[QA2] id=5726a1e5dd62a815002e8b86
  gold: from the constitutional traditions common to the member states
  pred: the the
[QA2] id=572a03a06aef0514001551aa
  gold: reduced rainfall and increased temperatures
  pred: the
[QA2] id=57269aa65951b619008f77ad
  gold: All actions
  pred: the
[QA2] id=5711628a2419e314009555df
  gold: four
  pred: the

==== 2026-04-15T14:47:56 ====
[QA1] id=570966e0200fba1400367f53
  gold: DVB-S2
  pred: sky + hd material is broadcast using mpeg - 4 and most of the hd material uses the dvb - s2 standard. interactive services
[QA1] id=57115f652419e314009555bd
  gold: 1712
  pred: de ayanz y beaumont obtained the first patent for a steam engine in 1606. in 1698
[QA1] id=5725c63438643c19005acca0
  gold: 182 million tons
  pred: 35 degrees west longitude at the eastern coast of south america, 27. 7 million
[QA1] id=57108073b654c5140001f929
  gold: Louis XIII
  pred: who had protected protestants through the edict of nantes
[QA1] id=570d4030fed7b91900d45da2
  gold: freight services
  pred: long distance services

==== 2026-04-15T14:52:16 ====
[QA2] id=56dddf4066d3e219004dad60
  gold: Richard I
  pred: the new new new new york
[QA2] id=56e1f10ee3433e1400423222
  gold: L
  pred: a a a a a a a a a a a a a a a a a a a a a a a a a a a a a a a a a a a a a a a a a a a a a a a a
[QA2] id=56de4b074396321400ee2795
  gold: Sicily
  pred: the new new new york
[QA2] id=571a4b0f10f8ca1400304fd5
  gold: Robert Boyle
  pred: a a a a a a a a a a a a a a a a a a a a a a a a a a a a a a a a a a a a a a a a a a a a a a a a
[QA2] id=57115e532419e314009555af
  gold: 1880
  pred: a a a a a a a a a a a a a a a a a a a a a a a a a a a a a a a a a a a a a a a a a a a a a a a a
